<?xml version="1.0" encoding="utf-8"?><testsuites><testsuite name="pytest" errors="0" failures="0" skipped="0" tests="3" time="25.803" timestamp="2024-01-04T12:55:48.582878" hostname="DMANTRA226"><testcase classname="testcases.test_e2e.TestOne" name="test_e2e" time="18.757" /><testcase classname="testcases.test_homePage.TestHomePage" name="test_formSubmission[getData0]" time="4.478" /><testcase classname="testcases.test_homePage.TestHomePage" name="test_formSubmission[getData1]" time="2.521" /></testsuite></testsuites>